TN:
SF:src/features/auth/components/LoginForm.tsx
FN:8,LoginForm
FN:50,(anonymous_1)
FN:58,(anonymous_2)
FNF:3
FNH:3
FNDA:11,LoginForm
FNDA:1,(anonymous_1)
FNDA:1,(anonymous_2)
DA:9,11
DA:11,11
DA:50,1
DA:58,1
LF:4
LH:4
BRDA:38,0,0,11
BRDA:38,0,1,1
BRF:2
BRH:2
end_of_record
TN:
SF:src/features/auth/components/PasswordInput.tsx
FN:7,PasswordInput
FN:18,(anonymous_1)
FN:21,(anonymous_2)
FN:27,(anonymous_3)
FN:27,(anonymous_4)
FNF:5
FNH:5
FNDA:66,PasswordInput
FNDA:2,(anonymous_1)
FNDA:4,(anonymous_2)
FNDA:2,(anonymous_3)
FNDA:2,(anonymous_4)
DA:12,66
DA:14,66
DA:19,2
DA:22,4
DA:27,2
LF:5
LH:5
BRDA:17,0,0,1
BRDA:17,0,1,65
BRDA:30,1,0,1
BRDA:30,1,1,65
BRF:4
BRH:4
end_of_record
TN:
SF:src/features/auth/components/PasswordRequirements.tsx
FN:11,PasswordRequirements
FN:22,(anonymous_1)
FNF:2
FNH:2
FNDA:27,PasswordRequirements
FNDA:15,(anonymous_1)
DA:16,27
DA:18,3
DA:20,3
DA:23,15
LF:4
LH:4
BRDA:16,0,0,24
BRDA:16,0,1,3
BRDA:27,1,0,0
BRDA:27,1,1,15
BRDA:30,2,0,0
BRDA:30,2,1,15
BRF:6
BRH:4
end_of_record
TN:
SF:src/features/auth/components/RegisterForm.tsx
FN:19,RegisterForm
FN:62,(anonymous_1)
FN:63,(anonymous_2)
FN:74,(anonymous_3)
FN:75,(anonymous_4)
FN:87,(anonymous_5)
FN:88,(anonymous_6)
FN:99,(anonymous_7)
FN:100,(anonymous_8)
FN:111,(anonymous_9)
FN:112,(anonymous_10)
FN:113,(anonymous_11)
FN:126,(anonymous_12)
FN:127,(anonymous_13)
FN:128,(anonymous_14)
FN:148,(anonymous_15)
FNF:16
FNH:13
FNDA:25,RegisterForm
FNDA:1,(anonymous_1)
FNDA:1,(anonymous_2)
FNDA:1,(anonymous_3)
FNDA:0,(anonymous_4)
FNDA:1,(anonymous_5)
FNDA:0,(anonymous_6)
FNDA:1,(anonymous_7)
FNDA:1,(anonymous_8)
FNDA:1,(anonymous_9)
FNDA:2,(anonymous_10)
FNDA:2,(anonymous_11)
FNDA:1,(anonymous_12)
FNDA:0,(anonymous_13)
FNDA:1,(anonymous_14)
FNDA:1,(anonymous_15)
DA:27,25
DA:30,25
DA:31,25
DA:33,25
DA:35,25
DA:62,1
DA:63,1
DA:74,1
DA:75,0
DA:87,1
DA:88,0
DA:99,1
DA:100,1
DA:111,1
DA:112,2
DA:114,2
DA:115,2
DA:126,1
DA:127,0
DA:129,1
DA:130,1
DA:148,1
LF:22
LH:19
BRDA:33,0,0,25
BRDA:33,0,1,23
BRDA:159,1,0,25
BRDA:159,1,1,1
BRF:4
BRH:4
end_of_record
TN:
SF:src/features/auth/hooks/useLoginForm.ts
FN:12,useLoginForm
FN:13,(anonymous_1)
FN:22,(anonymous_2)
FN:23,(anonymous_3)
FN:24,(anonymous_4)
FN:29,(anonymous_5)
FNF:6
FNH:6
FNDA:11,useLoginForm
FNDA:33,(anonymous_1)
FNDA:5,(anonymous_2)
FNDA:5,(anonymous_3)
FNDA:5,(anonymous_4)
FNDA:3,(anonymous_5)
DA:13,33
DA:15,11
DA:16,11
DA:17,11
DA:22,11
DA:23,5
DA:24,5
DA:25,5
DA:29,11
DA:30,3
DA:32,3
DA:33,1
DA:34,1
DA:37,2
DA:38,2
DA:40,2
DA:41,2
DA:46,1
DA:47,1
DA:49,1
DA:51,1
DA:53,1
DA:59,2
DA:63,11
LF:24
LH:24
BRDA:25,0,0,0
BRDA:25,0,1,5
BRDA:32,1,0,1
BRDA:32,1,1,2
BRDA:32,2,0,3
BRDA:32,2,1,2
BRDA:54,3,0,1
BRDA:54,3,1,0
BRDA:54,3,2,0
BRF:9
BRH:6
end_of_record
TN:
SF:src/features/auth/hooks/useRegisterForm.ts
FN:17,useRegisterForm
FN:18,(anonymous_1)
FN:34,(anonymous_2)
FN:35,(anonymous_3)
FN:36,(anonymous_4)
FN:39,(anonymous_5)
FN:48,(anonymous_6)
FN:75,(anonymous_7)
FN:77,(anonymous_8)
FN:83,(anonymous_9)
FN:103,(anonymous_10)
FN:154,(anonymous_11)
FNF:12
FNH:11
FNDA:12,useRegisterForm
FNDA:37,(anonymous_1)
FNDA:16,(anonymous_2)
FNDA:16,(anonymous_3)
FNDA:16,(anonymous_4)
FNDA:0,(anonymous_5)
FNDA:18,(anonymous_6)
FNDA:6,(anonymous_7)
FNDA:12,(anonymous_8)
FNDA:3,(anonymous_9)
FNDA:4,(anonymous_10)
FNDA:1,(anonymous_11)
DA:18,37
DA:20,12
DA:21,12
DA:22,12
DA:24,12
DA:34,12
DA:35,16
DA:36,16
DA:38,16
DA:39,0
DA:42,16
DA:43,3
DA:48,12
DA:51,18
DA:53,3
DA:54,3
DA:56,3
DA:57,3
DA:59,3
DA:60,3
DA:62,3
DA:63,3
DA:65,3
DA:66,3
DA:68,3
DA:69,3
DA:71,0
DA:74,18
DA:75,6
DA:77,12
DA:80,18
DA:83,12
DA:84,3
DA:86,3
DA:95,3
DA:96,18
DA:97,18
DA:100,3
DA:103,12
DA:104,4
DA:106,4
DA:107,1
DA:108,1
DA:111,3
DA:113,2
DA:115,2
DA:116,2
DA:124,1
DA:129,1
DA:131,1
DA:133,1
DA:135,1
DA:136,1
DA:138,1
DA:140,1
DA:142,1
DA:143,1
DA:148,1
DA:149,1
DA:154,1
DA:156,2
DA:160,12
LF:62
LH:60
BRDA:38,0,0,0
BRDA:38,0,1,16
BRDA:42,1,0,3
BRDA:42,1,1,13
BRDA:42,2,0,16
BRDA:42,2,1,3
BRDA:51,3,0,3
BRDA:51,3,1,3
BRDA:51,3,2,3
BRDA:51,3,3,3
BRDA:51,3,4,3
BRDA:51,3,5,3
BRDA:51,3,6,0
BRDA:74,4,0,6
BRDA:74,4,1,12
BRDA:97,5,0,6
BRDA:97,5,1,12
BRDA:106,6,0,1
BRDA:106,6,1,3
BRDA:111,7,0,1
BRDA:111,7,1,2
BRDA:138,8,0,0
BRDA:138,8,1,1
BRDA:142,9,0,1
BRDA:142,9,1,0
BRDA:143,10,0,1
BRDA:143,10,1,0
BRDA:148,11,0,1
BRDA:148,11,1,0
BRDA:149,12,0,1
BRDA:149,12,1,0
BRF:31
BRH:24
end_of_record
TN:
SF:src/features/auth/services/auth.service.ts
FN:4,(anonymous_0)
FN:7,(anonymous_1)
FN:15,(anonymous_2)
FN:18,(anonymous_3)
FNF:4
FNH:4
FNDA:1,(anonymous_0)
FNDA:1,(anonymous_1)
FNDA:1,(anonymous_2)
FNDA:1,(anonymous_3)
DA:3,3
DA:5,1
DA:13,1
DA:16,1
DA:19,1
LF:5
LH:5
BRF:0
BRH:0
end_of_record
TN:
SF:src/features/auth/store/auth.store.ts
FN:14,(anonymous_0)
FN:26,(anonymous_1)
FN:29,(anonymous_2)
FN:41,(anonymous_3)
FN:48,(anonymous_4)
FNF:5
FNH:5
FNDA:6,(anonymous_0)
FNDA:6,(anonymous_1)
FNDA:5,(anonymous_2)
FNDA:1,(anonymous_3)
FNDA:1,(anonymous_4)
DA:14,6
DA:17,6
DA:18,6
DA:19,6
DA:26,6
DA:36,5
DA:37,5
DA:38,5
DA:44,1
DA:45,1
DA:50,1
DA:51,1
DA:52,1
LF:13
LH:13
BRDA:22,0,0,6
BRDA:22,0,1,0
BRF:2
BRH:1
end_of_record
TN:
SF:src/features/auth/utils/getPasswordRequirements.ts
FN:7,getPasswordRequirements
FNF:1
FNH:1
FNDA:7,getPasswordRequirements
DA:11,7
LF:1
LH:1
BRDA:15,0,0,7
BRDA:15,0,1,3
BRDA:36,1,0,7
BRDA:36,1,1,3
BRDA:36,1,2,3
BRF:5
BRH:5
end_of_record
TN:
SF:src/features/auth/utils/validators.ts
FN:6,validateUsername
FN:32,validateEmail
FN:50,validatePassword
FN:74,validateConfirmPassword
FN:89,validateFirstName
FN:101,validateLastName
FNF:6
FNH:6
FNDA:14,validateUsername
FNDA:10,validateEmail
FNDA:11,validatePassword
FNDA:6,validateConfirmPassword
FNDA:3,validateFirstName
FNDA:3,validateLastName
DA:7,14
DA:8,2
DA:11,12
DA:12,2
DA:15,10
DA:16,1
DA:19,9
DA:20,1
DA:23,8
DA:25,8
DA:26,3
DA:29,5
DA:33,10
DA:34,2
DA:37,8
DA:38,1
DA:41,7
DA:43,7
DA:44,3
DA:47,4
DA:51,11
DA:52,2
DA:55,9
DA:56,2
DA:59,7
DA:60,1
DA:63,6
DA:64,1
DA:67,5
DA:68,1
DA:71,4
DA:78,6
DA:79,2
DA:82,4
DA:83,1
DA:86,3
DA:90,3
DA:91,1
DA:94,2
DA:95,0
DA:98,2
DA:102,3
DA:103,1
DA:106,2
DA:107,0
DA:110,2
LF:46
LH:44
BRDA:7,0,0,2
BRDA:7,0,1,12
BRDA:11,1,0,2
BRDA:11,1,1,10
BRDA:11,2,0,12
BRDA:11,2,1,11
BRDA:15,3,0,1
BRDA:15,3,1,9
BRDA:19,4,0,1
BRDA:19,4,1,8
BRDA:25,5,0,3
BRDA:25,5,1,5
BRDA:33,6,0,2
BRDA:33,6,1,8
BRDA:37,7,0,1
BRDA:37,7,1,7
BRDA:43,8,0,3
BRDA:43,8,1,4
BRDA:51,9,0,2
BRDA:51,9,1,9
BRDA:55,10,0,2
BRDA:55,10,1,7
BRDA:55,11,0,9
BRDA:55,11,1,8
BRDA:59,12,0,1
BRDA:59,12,1,6
BRDA:63,13,0,1
BRDA:63,13,1,5
BRDA:67,14,0,1
BRDA:67,14,1,4
BRDA:78,15,0,2
BRDA:78,15,1,4
BRDA:82,16,0,1
BRDA:82,16,1,3
BRDA:90,17,0,1
BRDA:90,17,1,2
BRDA:94,18,0,0
BRDA:94,18,1,2
BRDA:102,19,0,1
BRDA:102,19,1,2
BRDA:106,20,0,0
BRDA:106,20,1,2
BRF:42
BRH:40
end_of_record
TN:
SF:src/shared/components/ui/button.tsx
FN:14,(anonymous_0)
FNF:1
FNH:1
FNDA:36,(anonymous_0)
DA:14,2
DA:29,36
DA:76,2
LF:3
LH:3
BRDA:33,0,0,36
BRDA:33,0,1,34
BRDA:40,1,0,2
BRDA:40,1,1,34
BRDA:66,2,0,34
BRDA:66,2,1,0
BRDA:68,3,0,34
BRDA:68,3,1,34
BRF:8
BRH:7
end_of_record
TN:
SF:src/shared/components/ui/checkbox.tsx
FN:11,(anonymous_0)
FNF:1
FNH:1
FNDA:25,(anonymous_0)
DA:11,1
DA:13,25
DA:14,25
DA:16,25
DA:67,1
LF:5
LH:5
BRDA:14,0,0,25
BRDA:14,0,1,0
BRDA:49,1,0,25
BRDA:49,1,1,25
BRDA:49,1,2,0
BRDA:51,2,0,0
BRDA:51,2,1,0
BRDA:59,3,0,0
BRDA:59,3,1,0
BRF:9
BRH:3
end_of_record
TN:
SF:src/shared/components/ui/input.tsx
FN:11,(anonymous_0)
FNF:1
FNH:1
FNDA:177,(anonymous_0)
DA:11,3
DA:25,177
DA:26,177
DA:28,177
DA:100,3
LF:5
LH:5
BRDA:20,0,0,177
BRDA:26,1,0,177
BRDA:26,1,1,0
BRDA:31,2,0,177
BRDA:31,2,1,172
BRDA:48,3,0,177
BRDA:48,3,1,172
BRDA:49,4,0,177
BRDA:49,4,1,66
BRDA:63,5,0,177
BRDA:63,5,1,177
BRDA:77,6,0,177
BRDA:77,6,1,172
BRDA:87,7,0,177
BRDA:87,7,1,66
BRDA:94,8,0,177
BRDA:94,8,1,2
BRF:17
BRH:16
end_of_record
TN:
SF:src/shared/lib/router-helpers.ts
FN:4,requireAuth
FN:16,requireGuest
FNF:2
FNH:2
FNDA:2,requireAuth
FNDA:2,requireGuest
DA:5,2
DA:6,2
DA:8,2
DA:9,1
DA:10,1
DA:13,1
DA:17,2
DA:18,2
DA:20,2
DA:21,1
DA:22,1
DA:25,1
LF:12
LH:12
BRDA:8,0,0,1
BRDA:8,0,1,1
BRDA:20,1,0,1
BRDA:20,1,1,1
BRF:4
BRH:4
end_of_record
TN:
SF:src/shared/lib/utils.ts
FN:4,cn
FNF:1
FNH:1
FNDA:455,cn
DA:5,455
LF:1
LH:1
BRF:0
BRH:0
end_of_record
TN:
SF:src/shared/lib/api/axios.ts
FNF:0
FNH:0
DA:3,2
LF:1
LH:1
BRF:0
BRH:0
end_of_record
